<?xml version="1.0" encoding="UTF-8"?>
<!-- Generated by org.testng.reporters.JUnitReportReporter -->
<testsuite hostname="DESKTOP-R44TDOL" failures="0" tests="1" name="example.NewTest" time="3.295" errors="0" timestamp="2024-04-02T20:22:40 IST" skipped="0">
  <testcase classname="example.NewTest" name="testYouTubeTitle" time="3.295"/>
  <system-out/>
</testsuite> <!-- example.NewTest -->
